<?xml version="1.0" encoding="UTF-8"?>
<testsuite xmlns:xsi="http://www.w3.org/2001/XMLSchema-instance" xsi:noNamespaceSchemaLocation="https://maven.apache.org/surefire/maven-surefire-plugin/xsd/surefire-test-report-3.0.xsd" version="3.0" name="org.lfenergy.compas.scl.auto.alignment.rest.HealthCheckTest" time="7.374" tests="2" errors="0" skipped="0" failures="0">
  <properties>
[...]
</properties>
  <testcase name="testLivenessEndpoint" classname="org.lfenergy.compas.scl.auto.alignment.rest.HealthCheckTest" time="1.596">
    <system-out><![CDATA[2021-11-24 23:59:01,662 INFO  [io.quarkus] (main) Quarkus 2.4.1.Final on JVM started in 3.161s. Listening on: http://localhost:8081
2021-11-24 23:59:01,664 INFO  [io.quarkus] (main) Profile test activated. 
2021-11-24 23:59:01,664 INFO  [io.quarkus] (main) Installed features: [cdi, hibernate-validator, jacoco, reactive-routes, resteasy-jaxb, security, smallrye-context-propagation, smallrye-health, smallrye-jwt, smallrye-openapi, swagger-ui, vertx]
]]></system-out>
  </testcase>
  <testcase name="testReadinessEndpoint" classname="org.lfenergy.compas.scl.auto.alignment.rest.HealthCheckTest" time="0.034"/>
</testsuite>